{"C:\\Users\\sugan\\Projects\\iselect\\src\\face-map.js": {"path":"C:\\Users\\sugan\\Projects\\iselect\\src\\face-map.js","statementMap":{"0":{"start":{"line":1,"column":19},"end":{"line":18,"column":1}},"1":{"start":{"line":20,"column":0},"end":{"line":20,"column":28}}},"fnMap":{},"branchMap":{},"s":{"0":1,"1":1},"f":{},"b":{},"_coverageSchema":"332fd63041d2c1bcb487cc26dd0d5f7d97098a6c","hash":"ca35951a93a73b9dd1640a74f5dbd05b7c462aec"}
,"C:\\Users\\sugan\\Projects\\iselect\\src\\toy-robot.js": {"path":"C:\\Users\\sugan\\Projects\\iselect\\src\\toy-robot.js","statementMap":{"0":{"start":{"line":2,"column":20},"end":{"line":2,"column":41}},"1":{"start":{"line":9,"column":2},"end":{"line":9,"column":22}},"2":{"start":{"line":10,"column":2},"end":{"line":10,"column":20}},"3":{"start":{"line":11,"column":2},"end":{"line":11,"column":20}},"4":{"start":{"line":12,"column":2},"end":{"line":12,"column":20}},"5":{"start":{"line":16,"column":17},"end":{"line":16,"column":44}},"6":{"start":{"line":17,"column":2},"end":{"line":19,"column":3}},"7":{"start":{"line":18,"column":3},"end":{"line":18,"column":45}},"8":{"start":{"line":23,"column":17},"end":{"line":23,"column":34}},"9":{"start":{"line":24,"column":2},"end":{"line":26,"column":3}},"10":{"start":{"line":25,"column":3},"end":{"line":25,"column":15}},"11":{"start":{"line":27,"column":2},"end":{"line":27,"column":15}},"12":{"start":{"line":31,"column":12},"end":{"line":33,"column":4}},"13":{"start":{"line":32,"column":3},"end":{"line":32,"column":34}},"14":{"start":{"line":35,"column":2},"end":{"line":35,"column":69}},"15":{"start":{"line":35,"column":56},"end":{"line":35,"column":69}},"16":{"start":{"line":37,"column":2},"end":{"line":47,"column":3}},"17":{"start":{"line":41,"column":3},"end":{"line":41,"column":29}},"18":{"start":{"line":42,"column":3},"end":{"line":42,"column":29}},"19":{"start":{"line":43,"column":3},"end":{"line":43,"column":22}},"20":{"start":{"line":44,"column":3},"end":{"line":44,"column":22}},"21":{"start":{"line":46,"column":3},"end":{"line":46,"column":15}},"22":{"start":{"line":52,"column":17},"end":{"line":52,"column":41}},"23":{"start":{"line":53,"column":2},"end":{"line":67,"column":3}},"24":{"start":{"line":55,"column":3},"end":{"line":55,"column":29}},"25":{"start":{"line":56,"column":3},"end":{"line":56,"column":9}},"26":{"start":{"line":59,"column":3},"end":{"line":59,"column":32}},"27":{"start":{"line":60,"column":3},"end":{"line":60,"column":9}},"28":{"start":{"line":62,"column":3},"end":{"line":62,"column":20}},"29":{"start":{"line":63,"column":3},"end":{"line":63,"column":9}},"30":{"start":{"line":65,"column":3},"end":{"line":65,"column":25}},"31":{"start":{"line":66,"column":3},"end":{"line":66,"column":9}},"32":{"start":{"line":72,"column":2},"end":{"line":91,"column":3}},"33":{"start":{"line":73,"column":3},"end":{"line":90,"column":4}},"34":{"start":{"line":75,"column":4},"end":{"line":76,"column":14}},"35":{"start":{"line":76,"column":5},"end":{"line":76,"column":14}},"36":{"start":{"line":77,"column":4},"end":{"line":77,"column":10}},"37":{"start":{"line":79,"column":4},"end":{"line":80,"column":14}},"38":{"start":{"line":80,"column":5},"end":{"line":80,"column":14}},"39":{"start":{"line":81,"column":4},"end":{"line":81,"column":10}},"40":{"start":{"line":83,"column":4},"end":{"line":84,"column":14}},"41":{"start":{"line":84,"column":5},"end":{"line":84,"column":14}},"42":{"start":{"line":85,"column":4},"end":{"line":85,"column":10}},"43":{"start":{"line":87,"column":4},"end":{"line":88,"column":14}},"44":{"start":{"line":88,"column":5},"end":{"line":88,"column":14}},"45":{"start":{"line":89,"column":4},"end":{"line":89,"column":10}},"46":{"start":{"line":95,"column":2},"end":{"line":98,"column":3}},"47":{"start":{"line":96,"column":3},"end":{"line":96,"column":55}},"48":{"start":{"line":97,"column":3},"end":{"line":97,"column":10}},"49":{"start":{"line":100,"column":2},"end":{"line":103,"column":74}},"50":{"start":{"line":110,"column":2},"end":{"line":112,"column":3}},"51":{"start":{"line":111,"column":3},"end":{"line":111,"column":10}},"52":{"start":{"line":114,"column":17},"end":{"line":114,"column":40}},"53":{"start":{"line":115,"column":17},"end":{"line":115,"column":34}},"54":{"start":{"line":116,"column":15},"end":{"line":116,"column":50}},"55":{"start":{"line":118,"column":2},"end":{"line":120,"column":3}},"56":{"start":{"line":119,"column":3},"end":{"line":119,"column":45}},"57":{"start":{"line":122,"column":2},"end":{"line":122,"column":14}},"58":{"start":{"line":126,"column":0},"end":{"line":126,"column":26}}},"fnMap":{"0":{"name":"(anonymous_0)","decl":{"start":{"line":8,"column":1},"end":{"line":8,"column":2}},"loc":{"start":{"line":8,"column":14},"end":{"line":13,"column":2}},"line":8},"1":{"name":"(anonymous_1)","decl":{"start":{"line":15,"column":1},"end":{"line":15,"column":2}},"loc":{"start":{"line":15,"column":15},"end":{"line":20,"column":2}},"line":15},"2":{"name":"(anonymous_2)","decl":{"start":{"line":22,"column":1},"end":{"line":22,"column":2}},"loc":{"start":{"line":22,"column":19},"end":{"line":28,"column":2}},"line":22},"3":{"name":"(anonymous_3)","decl":{"start":{"line":30,"column":1},"end":{"line":30,"column":2}},"loc":{"start":{"line":30,"column":16},"end":{"line":49,"column":2}},"line":30},"4":{"name":"(anonymous_4)","decl":{"start":{"line":31,"column":31},"end":{"line":31,"column":32}},"loc":{"start":{"line":31,"column":43},"end":{"line":33,"column":3}},"line":31},"5":{"name":"(anonymous_5)","decl":{"start":{"line":51,"column":1},"end":{"line":51,"column":2}},"loc":{"start":{"line":51,"column":15},"end":{"line":68,"column":2}},"line":51},"6":{"name":"(anonymous_6)","decl":{"start":{"line":70,"column":1},"end":{"line":70,"column":2}},"loc":{"start":{"line":70,"column":13},"end":{"line":92,"column":2}},"line":70},"7":{"name":"(anonymous_7)","decl":{"start":{"line":94,"column":1},"end":{"line":94,"column":2}},"loc":{"start":{"line":94,"column":18},"end":{"line":105,"column":2}},"line":94},"8":{"name":"(anonymous_8)","decl":{"start":{"line":108,"column":1},"end":{"line":108,"column":2}},"loc":{"start":{"line":108,"column":20},"end":{"line":123,"column":2}},"line":108}},"branchMap":{"0":{"loc":{"start":{"line":24,"column":2},"end":{"line":26,"column":3}},"type":"if","locations":[{"start":{"line":24,"column":2},"end":{"line":26,"column":3}},{"start":{"line":24,"column":2},"end":{"line":26,"column":3}}],"line":24},"1":{"loc":{"start":{"line":35,"column":2},"end":{"line":35,"column":69}},"type":"if","locations":[{"start":{"line":35,"column":2},"end":{"line":35,"column":69}},{"start":{"line":35,"column":2},"end":{"line":35,"column":69}}],"line":35},"2":{"loc":{"start":{"line":37,"column":2},"end":{"line":47,"column":3}},"type":"if","locations":[{"start":{"line":37,"column":2},"end":{"line":47,"column":3}},{"start":{"line":37,"column":2},"end":{"line":47,"column":3}}],"line":37},"3":{"loc":{"start":{"line":37,"column":6},"end":{"line":40,"column":29}},"type":"binary-expr","locations":[{"start":{"line":37,"column":6},"end":{"line":37,"column":27}},{"start":{"line":38,"column":8},"end":{"line":38,"column":29}},{"start":{"line":39,"column":8},"end":{"line":39,"column":29}},{"start":{"line":40,"column":8},"end":{"line":40,"column":29}}],"line":37},"4":{"loc":{"start":{"line":53,"column":2},"end":{"line":67,"column":3}},"type":"switch","locations":[{"start":{"line":54,"column":2},"end":{"line":56,"column":9}},{"start":{"line":57,"column":2},"end":{"line":60,"column":9}},{"start":{"line":61,"column":2},"end":{"line":63,"column":9}},{"start":{"line":64,"column":2},"end":{"line":66,"column":9}}],"line":53},"5":{"loc":{"start":{"line":57,"column":8},"end":{"line":57,"column":53}},"type":"binary-expr","locations":[{"start":{"line":57,"column":9},"end":{"line":57,"column":27}},{"start":{"line":57,"column":33},"end":{"line":57,"column":52}}],"line":57},"6":{"loc":{"start":{"line":72,"column":2},"end":{"line":91,"column":3}},"type":"if","locations":[{"start":{"line":72,"column":2},"end":{"line":91,"column":3}},{"start":{"line":72,"column":2},"end":{"line":91,"column":3}}],"line":72},"7":{"loc":{"start":{"line":73,"column":3},"end":{"line":90,"column":4}},"type":"switch","locations":[{"start":{"line":74,"column":3},"end":{"line":77,"column":10}},{"start":{"line":78,"column":3},"end":{"line":81,"column":10}},{"start":{"line":82,"column":3},"end":{"line":85,"column":10}},{"start":{"line":86,"column":3},"end":{"line":89,"column":10}}],"line":73},"8":{"loc":{"start":{"line":75,"column":4},"end":{"line":76,"column":14}},"type":"if","locations":[{"start":{"line":75,"column":4},"end":{"line":76,"column":14}},{"start":{"line":75,"column":4},"end":{"line":76,"column":14}}],"line":75},"9":{"loc":{"start":{"line":79,"column":4},"end":{"line":80,"column":14}},"type":"if","locations":[{"start":{"line":79,"column":4},"end":{"line":80,"column":14}},{"start":{"line":79,"column":4},"end":{"line":80,"column":14}}],"line":79},"10":{"loc":{"start":{"line":83,"column":4},"end":{"line":84,"column":14}},"type":"if","locations":[{"start":{"line":83,"column":4},"end":{"line":84,"column":14}},{"start":{"line":83,"column":4},"end":{"line":84,"column":14}}],"line":83},"11":{"loc":{"start":{"line":87,"column":4},"end":{"line":88,"column":14}},"type":"if","locations":[{"start":{"line":87,"column":4},"end":{"line":88,"column":14}},{"start":{"line":87,"column":4},"end":{"line":88,"column":14}}],"line":87},"12":{"loc":{"start":{"line":95,"column":2},"end":{"line":98,"column":3}},"type":"if","locations":[{"start":{"line":95,"column":2},"end":{"line":98,"column":3}},{"start":{"line":95,"column":2},"end":{"line":98,"column":3}}],"line":95},"13":{"loc":{"start":{"line":110,"column":2},"end":{"line":112,"column":3}},"type":"if","locations":[{"start":{"line":110,"column":2},"end":{"line":112,"column":3}},{"start":{"line":110,"column":2},"end":{"line":112,"column":3}}],"line":110},"14":{"loc":{"start":{"line":118,"column":2},"end":{"line":120,"column":3}},"type":"if","locations":[{"start":{"line":118,"column":2},"end":{"line":120,"column":3}},{"start":{"line":118,"column":2},"end":{"line":120,"column":3}}],"line":118}},"s":{"0":1,"1":20,"2":20,"3":20,"4":20,"5":1,"6":1,"7":1,"8":33,"9":33,"10":11,"11":22,"12":12,"13":36,"14":12,"15":2,"16":10,"17":10,"18":10,"19":10,"20":10,"21":10,"22":32,"23":32,"24":10,"25":10,"26":5,"27":5,"28":15,"29":15,"30":2,"31":2,"32":17,"33":15,"34":4,"35":4,"36":4,"37":6,"38":6,"39":6,"40":3,"41":2,"42":3,"43":2,"44":1,"45":2,"46":2,"47":1,"48":1,"49":1,"50":7,"51":1,"52":6,"53":6,"54":6,"55":6,"56":6,"57":6,"58":1},"f":{"0":20,"1":1,"2":33,"3":12,"4":36,"5":32,"6":17,"7":2,"8":7},"b":{"0":[11,22],"1":[2,10],"2":[10,0],"3":[10,10,10,10],"4":[10,5,15,2],"5":[22,19],"6":[15,2],"7":[4,6,3,2],"8":[4,0],"9":[6,0],"10":[2,1],"11":[1,1],"12":[1,1],"13":[1,6],"14":[6,0]},"_coverageSchema":"332fd63041d2c1bcb487cc26dd0d5f7d97098a6c","hash":"2decf5f78d32040a99cdfd1b520d86e3fb419e5c"}
}
