{"C:\\Users\\sugan\\Projects\\toy-robot-simulation\\src\\face-map.js": {"path":"C:\\Users\\sugan\\Projects\\toy-robot-simulation\\src\\face-map.js","statementMap":{"0":{"start":{"line":1,"column":19},"end":{"line":18,"column":1}},"1":{"start":{"line":20,"column":0},"end":{"line":20,"column":28}}},"fnMap":{},"branchMap":{},"s":{"0":1,"1":1},"f":{},"b":{},"_coverageSchema":"332fd63041d2c1bcb487cc26dd0d5f7d97098a6c","hash":"e338f09a0fd11e52eff4bcfd1255274c15e21af9"}
,"C:\\Users\\sugan\\Projects\\toy-robot-simulation\\src\\toy-robot.js": {"path":"C:\\Users\\sugan\\Projects\\toy-robot-simulation\\src\\toy-robot.js","statementMap":{"0":{"start":{"line":2,"column":17},"end":{"line":2,"column":38}},"1":{"start":{"line":10,"column":2},"end":{"line":10,"column":22}},"2":{"start":{"line":11,"column":2},"end":{"line":11,"column":16}},"3":{"start":{"line":12,"column":2},"end":{"line":12,"column":16}},"4":{"start":{"line":13,"column":2},"end":{"line":13,"column":19}},"5":{"start":{"line":18,"column":17},"end":{"line":18,"column":44}},"6":{"start":{"line":19,"column":2},"end":{"line":21,"column":3}},"7":{"start":{"line":20,"column":3},"end":{"line":20,"column":45}},"8":{"start":{"line":26,"column":17},"end":{"line":26,"column":34}},"9":{"start":{"line":27,"column":2},"end":{"line":29,"column":3}},"10":{"start":{"line":28,"column":3},"end":{"line":28,"column":15}},"11":{"start":{"line":30,"column":2},"end":{"line":30,"column":15}},"12":{"start":{"line":35,"column":12},"end":{"line":37,"column":4}},"13":{"start":{"line":36,"column":3},"end":{"line":36,"column":34}},"14":{"start":{"line":39,"column":2},"end":{"line":39,"column":69}},"15":{"start":{"line":39,"column":56},"end":{"line":39,"column":69}},"16":{"start":{"line":41,"column":2},"end":{"line":50,"column":3}},"17":{"start":{"line":45,"column":3},"end":{"line":45,"column":29}},"18":{"start":{"line":46,"column":3},"end":{"line":46,"column":29}},"19":{"start":{"line":47,"column":3},"end":{"line":47,"column":22}},"20":{"start":{"line":48,"column":3},"end":{"line":48,"column":22}},"21":{"start":{"line":49,"column":3},"end":{"line":49,"column":15}},"22":{"start":{"line":56,"column":17},"end":{"line":56,"column":41}},"23":{"start":{"line":57,"column":2},"end":{"line":70,"column":3}},"24":{"start":{"line":59,"column":3},"end":{"line":59,"column":29}},"25":{"start":{"line":60,"column":3},"end":{"line":60,"column":9}},"26":{"start":{"line":62,"column":3},"end":{"line":62,"column":32}},"27":{"start":{"line":63,"column":3},"end":{"line":63,"column":9}},"28":{"start":{"line":65,"column":3},"end":{"line":65,"column":20}},"29":{"start":{"line":66,"column":3},"end":{"line":66,"column":9}},"30":{"start":{"line":68,"column":3},"end":{"line":68,"column":25}},"31":{"start":{"line":69,"column":3},"end":{"line":69,"column":9}},"32":{"start":{"line":75,"column":2},"end":{"line":94,"column":3}},"33":{"start":{"line":76,"column":3},"end":{"line":93,"column":4}},"34":{"start":{"line":78,"column":4},"end":{"line":79,"column":14}},"35":{"start":{"line":79,"column":5},"end":{"line":79,"column":14}},"36":{"start":{"line":80,"column":4},"end":{"line":80,"column":10}},"37":{"start":{"line":82,"column":4},"end":{"line":83,"column":14}},"38":{"start":{"line":83,"column":5},"end":{"line":83,"column":14}},"39":{"start":{"line":84,"column":4},"end":{"line":84,"column":10}},"40":{"start":{"line":86,"column":4},"end":{"line":87,"column":14}},"41":{"start":{"line":87,"column":5},"end":{"line":87,"column":14}},"42":{"start":{"line":88,"column":4},"end":{"line":88,"column":10}},"43":{"start":{"line":90,"column":4},"end":{"line":91,"column":14}},"44":{"start":{"line":91,"column":5},"end":{"line":91,"column":14}},"45":{"start":{"line":92,"column":4},"end":{"line":92,"column":10}},"46":{"start":{"line":99,"column":2},"end":{"line":102,"column":3}},"47":{"start":{"line":100,"column":3},"end":{"line":100,"column":55}},"48":{"start":{"line":101,"column":3},"end":{"line":101,"column":10}},"49":{"start":{"line":104,"column":2},"end":{"line":107,"column":55}},"50":{"start":{"line":113,"column":2},"end":{"line":115,"column":3}},"51":{"start":{"line":114,"column":3},"end":{"line":114,"column":10}},"52":{"start":{"line":117,"column":17},"end":{"line":117,"column":40}},"53":{"start":{"line":118,"column":16},"end":{"line":118,"column":33}},"54":{"start":{"line":119,"column":15},"end":{"line":119,"column":50}},"55":{"start":{"line":120,"column":2},"end":{"line":122,"column":3}},"56":{"start":{"line":121,"column":3},"end":{"line":121,"column":45}},"57":{"start":{"line":124,"column":2},"end":{"line":124,"column":14}},"58":{"start":{"line":128,"column":0},"end":{"line":128,"column":26}}},"fnMap":{"0":{"name":"(anonymous_0)","decl":{"start":{"line":9,"column":1},"end":{"line":9,"column":2}},"loc":{"start":{"line":9,"column":15},"end":{"line":14,"column":2}},"line":9},"1":{"name":"(anonymous_1)","decl":{"start":{"line":17,"column":1},"end":{"line":17,"column":2}},"loc":{"start":{"line":17,"column":16},"end":{"line":22,"column":2}},"line":17},"2":{"name":"(anonymous_2)","decl":{"start":{"line":25,"column":1},"end":{"line":25,"column":2}},"loc":{"start":{"line":25,"column":20},"end":{"line":31,"column":2}},"line":25},"3":{"name":"(anonymous_3)","decl":{"start":{"line":34,"column":1},"end":{"line":34,"column":2}},"loc":{"start":{"line":34,"column":17},"end":{"line":52,"column":2}},"line":34},"4":{"name":"(anonymous_4)","decl":{"start":{"line":35,"column":31},"end":{"line":35,"column":32}},"loc":{"start":{"line":35,"column":44},"end":{"line":37,"column":3}},"line":35},"5":{"name":"(anonymous_5)","decl":{"start":{"line":55,"column":1},"end":{"line":55,"column":2}},"loc":{"start":{"line":55,"column":16},"end":{"line":71,"column":2}},"line":55},"6":{"name":"(anonymous_6)","decl":{"start":{"line":74,"column":1},"end":{"line":74,"column":2}},"loc":{"start":{"line":74,"column":13},"end":{"line":95,"column":2}},"line":74},"7":{"name":"(anonymous_7)","decl":{"start":{"line":98,"column":1},"end":{"line":98,"column":2}},"loc":{"start":{"line":98,"column":18},"end":{"line":109,"column":2}},"line":98},"8":{"name":"(anonymous_8)","decl":{"start":{"line":112,"column":1},"end":{"line":112,"column":2}},"loc":{"start":{"line":112,"column":20},"end":{"line":125,"column":2}},"line":112}},"branchMap":{"0":{"loc":{"start":{"line":27,"column":2},"end":{"line":29,"column":3}},"type":"if","locations":[{"start":{"line":27,"column":2},"end":{"line":29,"column":3}},{"start":{"line":27,"column":2},"end":{"line":29,"column":3}}],"line":27},"1":{"loc":{"start":{"line":39,"column":2},"end":{"line":39,"column":69}},"type":"if","locations":[{"start":{"line":39,"column":2},"end":{"line":39,"column":69}},{"start":{"line":39,"column":2},"end":{"line":39,"column":69}}],"line":39},"2":{"loc":{"start":{"line":41,"column":2},"end":{"line":50,"column":3}},"type":"if","locations":[{"start":{"line":41,"column":2},"end":{"line":50,"column":3}},{"start":{"line":41,"column":2},"end":{"line":50,"column":3}}],"line":41},"3":{"loc":{"start":{"line":41,"column":6},"end":{"line":44,"column":24}},"type":"binary-expr","locations":[{"start":{"line":41,"column":6},"end":{"line":41,"column":27}},{"start":{"line":42,"column":3},"end":{"line":42,"column":24}},{"start":{"line":43,"column":3},"end":{"line":43,"column":24}},{"start":{"line":44,"column":3},"end":{"line":44,"column":24}}],"line":41},"4":{"loc":{"start":{"line":57,"column":2},"end":{"line":70,"column":3}},"type":"switch","locations":[{"start":{"line":58,"column":2},"end":{"line":60,"column":9}},{"start":{"line":61,"column":2},"end":{"line":63,"column":9}},{"start":{"line":64,"column":2},"end":{"line":66,"column":9}},{"start":{"line":67,"column":2},"end":{"line":69,"column":9}}],"line":57},"5":{"loc":{"start":{"line":61,"column":8},"end":{"line":61,"column":53}},"type":"binary-expr","locations":[{"start":{"line":61,"column":9},"end":{"line":61,"column":27}},{"start":{"line":61,"column":33},"end":{"line":61,"column":52}}],"line":61},"6":{"loc":{"start":{"line":75,"column":2},"end":{"line":94,"column":3}},"type":"if","locations":[{"start":{"line":75,"column":2},"end":{"line":94,"column":3}},{"start":{"line":75,"column":2},"end":{"line":94,"column":3}}],"line":75},"7":{"loc":{"start":{"line":76,"column":3},"end":{"line":93,"column":4}},"type":"switch","locations":[{"start":{"line":77,"column":3},"end":{"line":80,"column":10}},{"start":{"line":81,"column":3},"end":{"line":84,"column":10}},{"start":{"line":85,"column":3},"end":{"line":88,"column":10}},{"start":{"line":89,"column":3},"end":{"line":92,"column":10}}],"line":76},"8":{"loc":{"start":{"line":78,"column":4},"end":{"line":79,"column":14}},"type":"if","locations":[{"start":{"line":78,"column":4},"end":{"line":79,"column":14}},{"start":{"line":78,"column":4},"end":{"line":79,"column":14}}],"line":78},"9":{"loc":{"start":{"line":82,"column":4},"end":{"line":83,"column":14}},"type":"if","locations":[{"start":{"line":82,"column":4},"end":{"line":83,"column":14}},{"start":{"line":82,"column":4},"end":{"line":83,"column":14}}],"line":82},"10":{"loc":{"start":{"line":86,"column":4},"end":{"line":87,"column":14}},"type":"if","locations":[{"start":{"line":86,"column":4},"end":{"line":87,"column":14}},{"start":{"line":86,"column":4},"end":{"line":87,"column":14}}],"line":86},"11":{"loc":{"start":{"line":90,"column":4},"end":{"line":91,"column":14}},"type":"if","locations":[{"start":{"line":90,"column":4},"end":{"line":91,"column":14}},{"start":{"line":90,"column":4},"end":{"line":91,"column":14}}],"line":90},"12":{"loc":{"start":{"line":99,"column":2},"end":{"line":102,"column":3}},"type":"if","locations":[{"start":{"line":99,"column":2},"end":{"line":102,"column":3}},{"start":{"line":99,"column":2},"end":{"line":102,"column":3}}],"line":99},"13":{"loc":{"start":{"line":113,"column":2},"end":{"line":115,"column":3}},"type":"if","locations":[{"start":{"line":113,"column":2},"end":{"line":115,"column":3}},{"start":{"line":113,"column":2},"end":{"line":115,"column":3}}],"line":113},"14":{"loc":{"start":{"line":120,"column":2},"end":{"line":122,"column":3}},"type":"if","locations":[{"start":{"line":120,"column":2},"end":{"line":122,"column":3}},{"start":{"line":120,"column":2},"end":{"line":122,"column":3}}],"line":120}},"s":{"0":1,"1":20,"2":20,"3":20,"4":20,"5":1,"6":1,"7":1,"8":33,"9":33,"10":11,"11":22,"12":12,"13":36,"14":12,"15":2,"16":10,"17":10,"18":10,"19":10,"20":10,"21":10,"22":32,"23":32,"24":10,"25":10,"26":5,"27":5,"28":15,"29":15,"30":2,"31":2,"32":17,"33":15,"34":4,"35":4,"36":4,"37":6,"38":6,"39":6,"40":3,"41":2,"42":3,"43":2,"44":1,"45":2,"46":2,"47":1,"48":1,"49":1,"50":7,"51":1,"52":6,"53":6,"54":6,"55":6,"56":6,"57":6,"58":1},"f":{"0":20,"1":1,"2":33,"3":12,"4":36,"5":32,"6":17,"7":2,"8":7},"b":{"0":[11,22],"1":[2,10],"2":[10,0],"3":[10,10,10,10],"4":[10,5,15,2],"5":[22,19],"6":[15,2],"7":[4,6,3,2],"8":[4,0],"9":[6,0],"10":[2,1],"11":[1,1],"12":[1,1],"13":[1,6],"14":[6,0]},"_coverageSchema":"332fd63041d2c1bcb487cc26dd0d5f7d97098a6c","hash":"708eeb8923d0bf9c8082fba46106cd05f1e55045"}
}
