TN:
SF:C:\Users\sugan\Projects\toy-robot-simulation\src\face-map.js
FNF:0
FNH:0
DA:1,1
DA:20,1
LF:2
LH:2
BRF:0
BRH:0
end_of_record
TN:
SF:C:\Users\sugan\Projects\toy-robot-simulation\src\toy-robot.js
FN:9,(anonymous_0)
FN:17,(anonymous_1)
FN:25,(anonymous_2)
FN:34,(anonymous_3)
FN:35,(anonymous_4)
FN:55,(anonymous_5)
FN:74,(anonymous_6)
FN:98,(anonymous_7)
FN:112,(anonymous_8)
FNF:9
FNH:9
FNDA:20,(anonymous_0)
FNDA:1,(anonymous_1)
FNDA:33,(anonymous_2)
FNDA:12,(anonymous_3)
FNDA:36,(anonymous_4)
FNDA:32,(anonymous_5)
FNDA:17,(anonymous_6)
FNDA:2,(anonymous_7)
FNDA:7,(anonymous_8)
DA:2,1
DA:10,20
DA:11,20
DA:12,20
DA:13,20
DA:18,1
DA:19,1
DA:20,1
DA:26,33
DA:27,33
DA:28,11
DA:30,22
DA:35,12
DA:36,36
DA:39,12
DA:41,10
DA:45,10
DA:46,10
DA:47,10
DA:48,10
DA:49,10
DA:56,32
DA:57,32
DA:59,10
DA:60,10
DA:62,5
DA:63,5
DA:65,15
DA:66,15
DA:68,2
DA:69,2
DA:75,17
DA:76,15
DA:78,4
DA:79,4
DA:80,4
DA:82,6
DA:83,6
DA:84,6
DA:86,3
DA:87,2
DA:88,3
DA:90,2
DA:91,1
DA:92,2
DA:99,2
DA:100,1
DA:101,1
DA:104,1
DA:113,7
DA:114,1
DA:117,6
DA:118,6
DA:119,6
DA:120,6
DA:121,6
DA:124,6
DA:128,1
LF:58
LH:58
BRDA:27,0,0,11
BRDA:27,0,1,22
BRDA:39,1,0,2
BRDA:39,1,1,10
BRDA:41,2,0,10
BRDA:41,2,1,0
BRDA:41,3,0,10
BRDA:41,3,1,10
BRDA:41,3,2,10
BRDA:41,3,3,10
BRDA:57,4,0,10
BRDA:57,4,1,5
BRDA:57,4,2,15
BRDA:57,4,3,2
BRDA:61,5,0,22
BRDA:61,5,1,19
BRDA:75,6,0,15
BRDA:75,6,1,2
BRDA:76,7,0,4
BRDA:76,7,1,6
BRDA:76,7,2,3
BRDA:76,7,3,2
BRDA:78,8,0,4
BRDA:78,8,1,0
BRDA:82,9,0,6
BRDA:82,9,1,0
BRDA:86,10,0,2
BRDA:86,10,1,1
BRDA:90,11,0,1
BRDA:90,11,1,1
BRDA:99,12,0,1
BRDA:99,12,1,1
BRDA:113,13,0,1
BRDA:113,13,1,6
BRDA:120,14,0,6
BRDA:120,14,1,0
BRF:36
BRH:32
end_of_record
