TN:
SF:C:\Users\sugan\Projects\iselect\src\face-map.js
FNF:0
FNH:0
DA:1,1
DA:20,1
LF:2
LH:2
BRF:0
BRH:0
end_of_record
TN:
SF:C:\Users\sugan\Projects\iselect\src\toy-robot.js
FN:8,(anonymous_0)
FN:15,(anonymous_1)
FN:22,(anonymous_2)
FN:30,(anonymous_3)
FN:31,(anonymous_4)
FN:51,(anonymous_5)
FN:70,(anonymous_6)
FN:94,(anonymous_7)
FN:108,(anonymous_8)
FNF:9
FNH:9
FNDA:20,(anonymous_0)
FNDA:1,(anonymous_1)
FNDA:33,(anonymous_2)
FNDA:12,(anonymous_3)
FNDA:36,(anonymous_4)
FNDA:32,(anonymous_5)
FNDA:17,(anonymous_6)
FNDA:2,(anonymous_7)
FNDA:7,(anonymous_8)
DA:2,1
DA:9,20
DA:10,20
DA:11,20
DA:12,20
DA:16,1
DA:17,1
DA:18,1
DA:23,33
DA:24,33
DA:25,11
DA:27,22
DA:31,12
DA:32,36
DA:35,12
DA:37,10
DA:41,10
DA:42,10
DA:43,10
DA:44,10
DA:46,10
DA:52,32
DA:53,32
DA:55,10
DA:56,10
DA:59,5
DA:60,5
DA:62,15
DA:63,15
DA:65,2
DA:66,2
DA:72,17
DA:73,15
DA:75,4
DA:76,4
DA:77,4
DA:79,6
DA:80,6
DA:81,6
DA:83,3
DA:84,2
DA:85,3
DA:87,2
DA:88,1
DA:89,2
DA:95,2
DA:96,1
DA:97,1
DA:100,1
DA:110,7
DA:111,1
DA:114,6
DA:115,6
DA:116,6
DA:118,6
DA:119,6
DA:122,6
DA:126,1
LF:58
LH:58
BRDA:24,0,0,11
BRDA:24,0,1,22
BRDA:35,1,0,2
BRDA:35,1,1,10
BRDA:37,2,0,10
BRDA:37,2,1,0
BRDA:37,3,0,10
BRDA:37,3,1,10
BRDA:37,3,2,10
BRDA:37,3,3,10
BRDA:53,4,0,10
BRDA:53,4,1,5
BRDA:53,4,2,15
BRDA:53,4,3,2
BRDA:57,5,0,22
BRDA:57,5,1,19
BRDA:72,6,0,15
BRDA:72,6,1,2
BRDA:73,7,0,4
BRDA:73,7,1,6
BRDA:73,7,2,3
BRDA:73,7,3,2
BRDA:75,8,0,4
BRDA:75,8,1,0
BRDA:79,9,0,6
BRDA:79,9,1,0
BRDA:83,10,0,2
BRDA:83,10,1,1
BRDA:87,11,0,1
BRDA:87,11,1,1
BRDA:95,12,0,1
BRDA:95,12,1,1
BRDA:110,13,0,1
BRDA:110,13,1,6
BRDA:118,14,0,6
BRDA:118,14,1,0
BRF:36
BRH:32
end_of_record
